[2025-07-18 12:39:19,540] 32 root - INFO - Data Ingestion method started
[2025-07-18 12:39:19,773] 149 mysql.connector - INFO - package: mysql.connector.plugins
[2025-07-18 12:39:19,773] 150 mysql.connector - INFO - plugin_name: caching_sha2_password
[2025-07-18 12:39:19,773] 154 mysql.connector - INFO - AUTHENTICATION_PLUGIN_CLASS: MySQLCachingSHA2PasswordAuthPlugin
[2025-07-18 12:39:22,098] 42 root - INFO - Copy of dataset stored in dataset folder as a csv file
[2025-07-18 12:39:22,213] 37 root - INFO - Dataset read as pandas dataframe
[2025-07-18 12:39:22,455] 41 root - INFO - Train Test split
[2025-07-18 12:39:22,726] 47 root - INFO - Ingestion of data is complete
[2025-07-18 12:39:22,847] 86 root - INFO - Read train and test data completed
[2025-07-18 12:39:22,852] 87 root - INFO - Train Dataframe Head: 
   age  gender smoking_status  systolic_bp  cholesterol diabetes   chest_pain_type  heart_disease
0   76    Male        Current          146          176      Yes  Non-anginal Pain              1
1   69    Male         Former          173          170       No  Non-anginal Pain              0
2   53  Female        Current          160          238      Yes   Atypical Angina              1
3   51  Female         Former          106          256      Yes    Typical Angina              1
4   40  Female          Never          168          238       No      Asymptomatic              0
[2025-07-18 12:39:22,854] 88 root - INFO - Test Dataframe Head: 
   age  gender smoking_status  systolic_bp  cholesterol diabetes   chest_pain_type  heart_disease
0   73  Female         Former           94          153      Yes      Asymptomatic              0
1   66    Male          Never          169          193       No      Asymptomatic              0
2   41    Male         Former          107          269       No  Non-anginal Pain              0
3   38  Female         Former          128          220       No      Asymptomatic              0
4   64    Male        Current          130          181      Yes  Non-anginal Pain              1
[2025-07-18 12:39:22,854] 90 root - INFO - Obtaining preprocessing object
[2025-07-18 12:39:22,854] 35 root - INFO - Data Transformation Initiated
[2025-07-18 12:39:22,854] 47 root - INFO - Pipeline Initiated
[2025-07-18 12:39:22,854] 71 root - INFO - Pipeline Completed
[2025-07-18 12:39:23,735] 111 root - INFO - Applying preprocessing object on training and testing datasets
[2025-07-18 12:39:23,742] 122 root - INFO - Preprocessor pickle file saved
[2025-07-18 12:39:23,747] 32 root - INFO - Separating the dependent and independent variables
[2025-07-18 12:44:26,264] 45 root - INFO - Model Report: {'Logistic Regression': {'Accuracy': 0.8734333333333333, 'Precision': 0.8128333856291183, 'Recall': 0.8801494946063025, 'F1 Score': 0.8451531340483668}, 'SVM': {'Accuracy': 0.7065333333333333, 'Precision': 0.5844473519540361, 'Recall': 0.8726747642911747, 'F1 Score': 0.7000545107658763}, 'XGBoost': {'Accuracy': 1.0, 'Precision': 1.0, 'Recall': 1.0, 'F1 Score': 1.0}}
[2025-07-18 12:44:26,264] 53 root - INFO - The best model is XGBoost, with F1 Score: 1.0
[2025-07-18 12:44:26,264] 61 root - ERROR - Error occurred during model training
