[2025-07-18 11:31:43,235] 160 numexpr.utils - INFO - NumExpr defaulting to 8 threads.
[2025-07-18 11:31:44,772] 32 root - INFO - Data Ingestion method started
[2025-07-18 11:31:46,078] 42 root - INFO - Copy of dataset stored in dataset folder as a csv file
[2025-07-18 11:31:46,201] 37 root - INFO - Dataset read as pandas dataframe
[2025-07-18 11:31:46,435] 41 root - INFO - Train Test split
[2025-07-18 11:31:46,711] 47 root - INFO - Ingestion of data is complete
[2025-07-18 11:31:46,842] 86 root - INFO - Read train and test data completed
[2025-07-18 11:31:46,848] 87 root - INFO - Train Dataframe Head: 
   age  gender smoking_status  systolic_bp  cholesterol diabetes   chest_pain_type  heart_disease
0   76    Male        Current          146          176      Yes  Non-anginal Pain              1
1   69    Male         Former          173          170       No  Non-anginal Pain              0
2   53  Female        Current          160          238      Yes   Atypical Angina              1
3   51  Female         Former          106          256      Yes    Typical Angina              1
4   40  Female          Never          168          238       No      Asymptomatic              0
[2025-07-18 11:31:46,852] 88 root - INFO - Test Dataframe Head: 
   age  gender smoking_status  systolic_bp  cholesterol diabetes   chest_pain_type  heart_disease
0   73  Female         Former           94          153      Yes      Asymptomatic              0
1   66    Male          Never          169          193       No      Asymptomatic              0
2   41    Male         Former          107          269       No  Non-anginal Pain              0
3   38  Female         Former          128          220       No      Asymptomatic              0
4   64    Male        Current          130          181      Yes  Non-anginal Pain              1
[2025-07-18 11:31:46,852] 90 root - INFO - Obtaining preprocessing object
[2025-07-18 11:31:46,852] 35 root - INFO - Data Transformation Initiated
[2025-07-18 11:31:46,852] 47 root - INFO - Pipeline Initiated
[2025-07-18 11:31:46,852] 71 root - INFO - Pipeline Completed
[2025-07-18 11:31:46,879] 130 root - INFO - Exception occured in the Intitiate Data Transformation stage
