[2025-07-18 11:44:23,826] 160 numexpr.utils - INFO - NumExpr defaulting to 8 threads.
[2025-07-18 11:44:26,024] 32 root - INFO - Data Ingestion method started
[2025-07-18 11:44:27,324] 42 root - INFO - Copy of dataset stored in dataset folder as a csv file
[2025-07-18 11:44:27,436] 37 root - INFO - Dataset read as pandas dataframe
[2025-07-18 11:44:27,685] 41 root - INFO - Train Test split
[2025-07-18 11:44:27,949] 47 root - INFO - Ingestion of data is complete
[2025-07-18 11:44:28,078] 86 root - INFO - Read train and test data completed
[2025-07-18 11:44:28,083] 87 root - INFO - Train Dataframe Head: 
   age  gender smoking_status  systolic_bp  cholesterol diabetes   chest_pain_type  heart_disease
0   76    Male        Current          146          176      Yes  Non-anginal Pain              1
1   69    Male         Former          173          170       No  Non-anginal Pain              0
2   53  Female        Current          160          238      Yes   Atypical Angina              1
3   51  Female         Former          106          256      Yes    Typical Angina              1
4   40  Female          Never          168          238       No      Asymptomatic              0
[2025-07-18 11:44:28,085] 88 root - INFO - Test Dataframe Head: 
   age  gender smoking_status  systolic_bp  cholesterol diabetes   chest_pain_type  heart_disease
0   73  Female         Former           94          153      Yes      Asymptomatic              0
1   66    Male          Never          169          193       No      Asymptomatic              0
2   41    Male         Former          107          269       No  Non-anginal Pain              0
3   38  Female         Former          128          220       No      Asymptomatic              0
4   64    Male        Current          130          181      Yes  Non-anginal Pain              1
[2025-07-18 11:44:28,086] 90 root - INFO - Obtaining preprocessing object
[2025-07-18 11:44:28,086] 35 root - INFO - Data Transformation Initiated
[2025-07-18 11:44:28,086] 47 root - INFO - Pipeline Initiated
[2025-07-18 11:44:28,086] 71 root - INFO - Pipeline Completed
[2025-07-18 11:44:29,037] 111 root - INFO - Applying preprocessing object on training and testing datasets
[2025-07-18 11:44:29,044] 122 root - INFO - Preprocessor pickle file saved
[2025-07-18 11:44:29,048] 32 root - INFO - Separating the dependent and independent variables
[2025-07-18 12:03:38,604] 46 root - INFO - Model Report: {'Logistic Regression': {'Accuracy': 0.8734666666666666, 'Precision': 0.8128971522711226, 'Recall': 0.8801494946063025, 'F1 Score': 0.8451876019575857}, 'Random Forest': {'Accuracy': 1.0, 'Precision': 1.0, 'Recall': 1.0, 'F1 Score': 1.0}, 'SVM': {'Accuracy': 0.7065333333333333, 'Precision': 0.5844473519540361, 'Recall': 0.8726747642911747, 'F1 Score': 0.7000545107658762}, 'XGBoost': {'Accuracy': 1.0, 'Precision': 1.0, 'Recall': 1.0, 'F1 Score': 1.0}}
[2025-07-18 12:03:38,608] 54 root - INFO - The best model is Random Forest, with F1 Score: 1.0
[2025-07-18 12:03:38,608] 62 root - ERROR - Error occurred during model training
